<?xml version="1.0" encoding="UTF-8"?>
<!-- Generated by org.testng.reporters.JUnitXMLReporter -->
<testsuite hostname="ATLANTISPC-143" ignored="0" name="Default test" tests="3" failures="0" timestamp="16 Apr 2019 14:41:26 GMT" time="13.987" errors="0">
  <testcase name="m1" time="0.006" classname="com.selenium.testsuite.W2register"/>
  <testcase name="m2" time="0.0" classname="com.selenium.testsuite.W2register"/>
  <testcase name="register" time="0.318" classname="com.selenium.testsuite.W2register"/>
</testsuite> <!-- Default test -->
