<?xml version="1.0" encoding="UTF-8"?>
<testng-results skipped="0" failed="0" ignored="0" total="3" passed="3">
  <reporter-output>
  </reporter-output>
  <suite name="Default suite" duration-ms="13987" started-at="2019-04-16T14:41:12Z" finished-at="2019-04-16T14:41:26Z">
    <groups>
    </groups>
    <test name="Default test" duration-ms="13987" started-at="2019-04-16T14:41:12Z" finished-at="2019-04-16T14:41:26Z">
      <class name="com.selenium.testsuite.W2register">
        <test-method status="PASS" signature="launch()[pri:0, instance:com.selenium.testsuite.W2register@7cd62f43]" name="launch" is-config="true" duration-ms="13538" started-at="2019-04-16T14:41:12Z" finished-at="2019-04-16T14:41:26Z">
          <reporter-output>
          </reporter-output>
        </test-method> <!-- launch -->
        <test-method status="PASS" signature="m1()[pri:0, instance:com.selenium.testsuite.W2register@7cd62f43]" name="m1" duration-ms="6" started-at="2019-04-16T14:41:26Z" finished-at="2019-04-16T14:41:26Z">
          <reporter-output>
          </reporter-output>
        </test-method> <!-- m1 -->
        <test-method status="PASS" signature="m2()[pri:0, instance:com.selenium.testsuite.W2register@7cd62f43]" name="m2" duration-ms="0" started-at="2019-04-16T14:41:26Z" finished-at="2019-04-16T14:41:26Z">
          <reporter-output>
          </reporter-output>
        </test-method> <!-- m2 -->
        <test-method status="PASS" signature="register(java.lang.String, java.lang.String, java.lang.String, java.lang.String, java.lang.String, java.lang.String)[pri:0, instance:com.selenium.testsuite.W2register@7cd62f43]" name="register" duration-ms="318" started-at="2019-04-16T14:41:26Z" data-provider="data" finished-at="2019-04-16T14:41:26Z">
          <params>
            <param index="0">
              <value>
                <![CDATA[Fil]]>
              </value>
            </param>
            <param index="1">
              <value>
                <![CDATA[test1234]]>
              </value>
            </param>
            <param index="2">
              <value>
                <![CDATA[s@ts.com]]>
              </value>
            </param>
            <param index="3">
              <value>
                <![CDATA[ahmedabad]]>
              </value>
            </param>
            <param index="4">
              <value>
                <![CDATA[john1]]>
              </value>
            </param>
            <param index="5">
              <value>
                <![CDATA[john1]]>
              </value>
            </param>
          </params>
          <reporter-output>
          </reporter-output>
        </test-method> <!-- register -->
        <test-method status="PASS" signature="writeExcelResults()[pri:0, instance:com.selenium.testsuite.W2register@7cd62f43]" name="writeExcelResults" is-config="true" duration-ms="81" started-at="2019-04-16T14:41:26Z" finished-at="2019-04-16T14:41:26Z">
          <reporter-output>
          </reporter-output>
        </test-method> <!-- writeExcelResults -->
      </class> <!-- com.selenium.testsuite.W2register -->
    </test> <!-- Default test -->
  </suite> <!-- Default suite -->
</testng-results>
